<?xml version="1.0" encoding="UTF-8"?>
<testsuite xmlns:xsi="http://www.w3.org/2001/XMLSchema-instance" xsi:noNamespaceSchemaLocation="https://maven.apache.org/surefire/maven-surefire-plugin/xsd/surefire-test-report.xsd" name="pl.edu.pw.ee.compression.FileReaderToCharsTest" time="0.002" tests="5" errors="0" skipped="0" failures="0">
  <properties>
[...]
</properties>
  <testcase name="constructor_ThrowException_ArgumentIsNull" classname="pl.edu.pw.ee.compression.FileReaderToCharsTest" time="0"/>
  <testcase name="readChars_CorrectlyReadText_FileIsEmpty" classname="pl.edu.pw.ee.compression.FileReaderToCharsTest" time="0"/>
  <testcase name="constructor_ThrowException_FileDoesntExist" classname="pl.edu.pw.ee.compression.FileReaderToCharsTest" time="0"/>
  <testcase name="readChars_CorrectlyReadText_FileContainsOneLetter" classname="pl.edu.pw.ee.compression.FileReaderToCharsTest" time="0.001"/>
  <testcase name="readChars_CorrectlyReadText_FileContains2Lines" classname="pl.edu.pw.ee.compression.FileReaderToCharsTest" time="0"/>
</testsuite>